2017-08-08 15:54:54,338 INFO o.a.j.u.JMeterUtils: Setting Locale to en_US
2017-08-08 15:54:54,357 INFO o.a.j.JMeter: Loading user properties from: C:\Users\Aniket\Desktop\company\apache-jmeter-3.2\apache-jmeter-3.2\bin\user.properties
2017-08-08 15:54:54,358 INFO o.a.j.JMeter: Loading system properties from: C:\Users\Aniket\Desktop\company\apache-jmeter-3.2\apache-jmeter-3.2\bin\system.properties
2017-08-08 15:54:54,366 INFO o.a.j.JMeter: Copyright (c) 1998-2017 The Apache Software Foundation
2017-08-08 15:54:54,366 INFO o.a.j.JMeter: Version 3.2 r1790748
2017-08-08 15:54:54,366 INFO o.a.j.JMeter: java.version=1.8.0_101
2017-08-08 15:54:54,367 INFO o.a.j.JMeter: java.vm.name=Java HotSpot(TM) 64-Bit Server VM
2017-08-08 15:54:54,367 INFO o.a.j.JMeter: os.name=Windows 10
2017-08-08 15:54:54,367 INFO o.a.j.JMeter: os.arch=amd64
2017-08-08 15:54:54,367 INFO o.a.j.JMeter: os.version=10.0
2017-08-08 15:54:54,367 INFO o.a.j.JMeter: file.encoding=Cp1252
2017-08-08 15:54:54,367 INFO o.a.j.JMeter: Max memory     =1888485376
2017-08-08 15:54:54,367 INFO o.a.j.JMeter: Available Processors =4
2017-08-08 15:54:54,371 INFO o.a.j.JMeter: Default Locale=English (United States)
2017-08-08 15:54:54,372 INFO o.a.j.JMeter: JMeter  Locale=English (United States)
2017-08-08 15:54:54,372 INFO o.a.j.JMeter: JMeterHome=C:\Users\Aniket\Desktop\company\apache-jmeter-3.2\apache-jmeter-3.2
2017-08-08 15:54:54,372 INFO o.a.j.JMeter: user.dir  =C:\Users\Aniket\Desktop\Ant_jmeter_project
2017-08-08 15:54:54,372 INFO o.a.j.JMeter: PWD       =C:\Users\Aniket\Desktop\Ant_jmeter_project
2017-08-08 15:54:58,880 INFO o.a.j.JMeter: IP: 192.168.88.1 Name: DESKTOP-TEIAL3H FullName: DESKTOP-TEIAL3H
2017-08-08 15:54:58,882 INFO o.a.j.JMeter: Setting property 'jmeter.reportgenerator.outputdir' to:'C:\Users\Aniket\Desktop\Ant_jmeter_project\output'
2017-08-08 15:54:58,889 INFO o.a.j.r.d.ReportGenerator: ReportGenerator will use for Parsing the separator: ','
2017-08-08 15:54:58,890 ERROR o.a.j.JMeter: An error occurred: 
java.lang.IllegalArgumentException: Cannot read test results file : C:\Users\Aniket\Desktop\Ant_jmeter_project\result\result.jtl
	at org.apache.jmeter.report.dashboard.ReportGenerator.<init>(ReportGenerator.java:131) ~[ApacheJMeter_core.jar:3.2 r1790748]
	at org.apache.jmeter.JMeter.start(JMeter.java:516) [ApacheJMeter_core.jar:3.2 r1790748]
	at sun.reflect.NativeMethodAccessorImpl.invoke0(Native Method) ~[?:1.8.0_101]
	at sun.reflect.NativeMethodAccessorImpl.invoke(NativeMethodAccessorImpl.java:62) ~[?:1.8.0_101]
	at sun.reflect.DelegatingMethodAccessorImpl.invoke(DelegatingMethodAccessorImpl.java:43) ~[?:1.8.0_101]
	at java.lang.reflect.Method.invoke(Method.java:498) ~[?:1.8.0_101]
	at org.apache.jmeter.NewDriver.main(NewDriver.java:248) [ApacheJMeter.jar:3.2 r1790748]
